Seed = She

Sentence 1: She was already on silken cushions of the green light .
Sentence 2: She too heavy copper castle with you 've begun my dear
Sentence 3: She went farther and lived on to know , '' said
Sentence 4: She could not completely lost summers were no .
Sentence 5: She was not begun to the evening , and decidedly dull
Sentence 6: She meant to tell danny meadow lark , for many years
Sentence 7: She had not refuse the mouse started off to see the
Sentence 8: She no use a fall out any of the wall .
Sentence 9: She knows more , whilst a winter .
Sentence 10: She found that met all sides that if you look at


Seed = I

Sentence 1: I will trace of the way .
Sentence 2: I should like the general , '' he was really amounts
Sentence 3: I have a note .
Sentence 4: I knew you liked .
Sentence 5: I shall sit on the kite , come to whatever the
Sentence 6: I should be , very deep , ' the sweeping over
Sentence 7: I 'll never do you will explain to rope , `
Sentence 8: I want me a beating him , however , and that
Sentence 9: I am going to the soldier .
Sentence 10: I dunno as the hamlet close behind you what lovely than


Seed = Old

Sentence 1: Old friend , his chin was a noble and as a
Sentence 2: Old saying to the roses because of wolves damage the trees
Sentence 3: Old woman .
Sentence 4: Old mr. shelmardine these two impostors , ' house ringing like
Sentence 5: Old , and the cloth round to the pond behind him
Sentence 6: Old woman to the glorious burst out into the frog babies
Sentence 7: Old palmer homestead .
Sentence 8: Old palmer , she ordered him , ' said , and
Sentence 9: Old woman counselled her carriage with peter was not an ancient
Sentence 10: Old family and would like his pipe out on boats and


